#
# There is insufficient memory for the Java Runtime Environment to continue.
# Native memory allocation (malloc) failed to allocate 32744 bytes. Error detail: Chunk::new
# Possible reasons:
#   The system is out of physical RAM or swap space
#   This process is running with CompressedOops enabled, and the Java Heap may be blocking the growth of the native heap
# Possible solutions:
#   Reduce memory load on the system
#   Increase physical memory or swap space
#   Check if swap backing store is full
#   Decrease Java heap size (-Xmx/-Xms)
#   Decrease number of Java threads
#   Decrease Java thread stack sizes (-Xss)
#   Set larger code cache with -XX:ReservedCodeCacheSize=
#   JVM is running with Zero Based Compressed Oops mode in which the Java heap is
#     placed in the first 32GB address space. The Java Heap base address is the
#     maximum limit for the native heap growth. Please use -XX:HeapBaseMinAddress
#     to set the Java Heap base and to place the Java Heap above 32GB virtual address.
# This output file may be truncated or incomplete.
#
#  Out of Memory Error (arena.cpp:168), pid=34832, tid=31684
#
# JRE version: OpenJDK Runtime Environment Temurin-21.0.3+9 (21.0.3+9) (build 21.0.3+9-LTS)
# Java VM: OpenJDK 64-Bit Server VM Temurin-21.0.3+9 (21.0.3+9-LTS, mixed mode, tiered, compressed oops, compressed class ptrs, g1 gc, windows-amd64)
# No core dump will be written. Minidumps are not enabled by default on client versions of Windows
#

---------------  S U M M A R Y ------------

Command Line: -Dlog4j2.formatMsgNoLookups=true -Dfile.encoding=UTF-8 -Dstdout.encoding=UTF-8 -Dstderr.encoding=UTF-8 --module-path=C:\Users\rbharatm\.m2\repository\org\seleniumhq\selenium\selenium-chrome-driver\4.23.0\selenium-chrome-driver-4.23.0.jar -XX:+ShowCodeDetailsInExceptionMessages SIM.slamiss

Host: Intel(R) Core(TM) i5-10310U CPU @ 1.70GHz, 8 cores, 15G,  Windows 10 , 64 bit Build 19041 (10.0.19041.3636)
Time: Sun Jul 21 17:11:00 2024 India Standard Time elapsed time: 12.606003 seconds (0d 0h 0m 12s)

---------------  T H R E A D  ---------------

Current thread (0x000001cc7124d580):  JavaThread "C1 CompilerThread0" daemon [_thread_in_native, id=31684, stack(0x00000002dee00000,0x00000002def00000) (1024K)]


Current CompileTask:
C1:  12606 1730       3       java.lang.invoke.Invokers::callSiteForm (297 bytes)

Stack: [0x00000002dee00000,0x00000002def00000]
Native frames: (J=compiled Java code, j=interpreted, Vv=VM code, C=native code)
V  [jvm.dll+0x6c8699]
V  [jvm.dll+0x8a2061]
V  [jvm.dll+0x8a458e]
V  [jvm.dll+0x8a4c63]
V  [jvm.dll+0x27e476]
V  [jvm.dll+0xc4a1d]
V  [jvm.dll+0xc4f53]
V  [jvm.dll+0x19925e]
V  [jvm.dll+0x19b6e1]
V  [jvm.dll+0x199085]
V  [jvm.dll+0x194444]
V  [jvm.dll+0x19d09b]
V  [jvm.dll+0x1956b8]
V  [jvm.dll+0x1984f2]
V  [jvm.dll+0x153123]
V  [jvm.dll+0x152968]
V  [jvm.dll+0x152bb4]
V  [jvm.dll+0x151fe6]
V  [jvm.dll+0x153dbd]
V  [jvm.dll+0x255719]
V  [jvm.dll+0x253cba]
V  [jvm.dll+0x3ec1e6]
V  [jvm.dll+0x84bf8b]
V  [jvm.dll+0x6c6dcd]
C  [ucrtbase.dll+0x21bb2]
C  [KERNEL32.DLL+0x17344]
C  [ntdll.dll+0x4cc91]


---------------  P R O C E S S  ---------------

Threads class SMR info:
_java_thread_list=0x000001cc76583820, length=19, elements={
0x000001cc547217b0, 0x000001cc711c96a0, 0x000001cc711ca570, 0x000001cc711f86a0,
0x000001cc711f9100, 0x000001cc711f9b60, 0x000001cc71219f80, 0x000001cc7121a920,
0x000001cc7124d580, 0x000001cc7139a720, 0x000001cc71586130, 0x000001cc71a3ce40,
0x000001cc71cf8df0, 0x000001cc71d35440, 0x000001cc71d36690, 0x000001cc71d37a30,
0x000001cc71e7c480, 0x000001cc7658bef0, 0x000001cc76591ca0
}

Java Threads: ( => current thread )
  0x000001cc547217b0 JavaThread "main"                              [_thread_in_vm, id=20944, stack(0x00000002ddf00000,0x00000002de000000) (1024K)]
  0x000001cc711c96a0 JavaThread "Reference Handler"          daemon [_thread_blocked, id=35576, stack(0x00000002de700000,0x00000002de800000) (1024K)]
  0x000001cc711ca570 JavaThread "Finalizer"                  daemon [_thread_blocked, id=35588, stack(0x00000002de800000,0x00000002de900000) (1024K)]
  0x000001cc711f86a0 JavaThread "Signal Dispatcher"          daemon [_thread_blocked, id=35244, stack(0x00000002de900000,0x00000002dea00000) (1024K)]
  0x000001cc711f9100 JavaThread "Attach Listener"            daemon [_thread_blocked, id=29800, stack(0x00000002dea00000,0x00000002deb00000) (1024K)]
  0x000001cc711f9b60 JavaThread "Service Thread"             daemon [_thread_blocked, id=27436, stack(0x00000002deb00000,0x00000002dec00000) (1024K)]
  0x000001cc71219f80 JavaThread "Monitor Deflation Thread"   daemon [_thread_blocked, id=25968, stack(0x00000002dec00000,0x00000002ded00000) (1024K)]
  0x000001cc7121a920 JavaThread "C2 CompilerThread0"         daemon [_thread_in_native, id=34512, stack(0x00000002ded00000,0x00000002dee00000) (1024K)]
=>0x000001cc7124d580 JavaThread "C1 CompilerThread0"         daemon [_thread_in_native, id=31684, stack(0x00000002dee00000,0x00000002def00000) (1024K)]
  0x000001cc7139a720 JavaThread "Common-Cleaner"             daemon [_thread_blocked, id=35260, stack(0x00000002def00000,0x00000002df000000) (1024K)]
  0x000001cc71586130 JavaThread "Notification Thread"        daemon [_thread_blocked, id=25420, stack(0x00000002df000000,0x00000002df100000) (1024K)]
  0x000001cc71a3ce40 JavaThread "ForkJoinPool.commonPool-worker-1" daemon [_thread_blocked, id=25700, stack(0x00000002df100000,0x00000002df200000) (1024K)]
  0x000001cc71cf8df0 JavaThread "HttpClient-1-SelectorManager" daemon [_thread_in_native, id=35100, stack(0x00000002dfa00000,0x00000002dfb00000) (1024K)]
  0x000001cc71d35440 JavaThread "External Process Output Forwarder - C:\Users\rbharatm\.cache\selenium\geckodriver\win64\0.34.0\geckodriver.exe" daemon [_thread_in_native, id=35176, stack(0x00000002dfb00000,0x00000002dfc00000) (1024K)]
  0x000001cc71d36690 JavaThread "Driver Service Executor"    daemon [_thread_blocked, id=7648, stack(0x00000002dfc00000,0x00000002dfd00000) (1024K)]
  0x000001cc71d37a30 JavaThread "Driver Service Executor"    daemon [_thread_in_native, id=35008, stack(0x00000002dfd00000,0x00000002dfe00000) (1024K)]
  0x000001cc71e7c480 JavaThread "JdkHttpClient-0-0"          daemon [_thread_blocked, id=28900, stack(0x00000002df200000,0x00000002df300000) (1024K)]
  0x000001cc7658bef0 JavaThread "JdkHttpClient-0-1"          daemon [_thread_blocked, id=12068, stack(0x00000002dff00000,0x00000002e0000000) (1024K)]
  0x000001cc76591ca0 JavaThread "JdkHttpClient-0-2"          daemon [_thread_blocked, id=35736, stack(0x00000002e0000000,0x00000002e0100000) (1024K)]
Total: 19

Other Threads:
  0x000001cc711a0c30 VMThread "VM Thread"                           [id=35308, stack(0x00000002de600000,0x00000002de700000) (1024K)]
  0x000001cc710ffbe0 WatcherThread "VM Periodic Task Thread"        [id=35284, stack(0x00000002de500000,0x00000002de600000) (1024K)]
  0x000001cc56a2dfa0 WorkerThread "GC Thread#0"                     [id=35192, stack(0x00000002de000000,0x00000002de100000) (1024K)]
  0x000001cc71c37860 WorkerThread "GC Thread#1"                     [id=31240, stack(0x00000002df300000,0x00000002df400000) (1024K)]
  0x000001cc71c9b1e0 WorkerThread "GC Thread#2"                     [id=34164, stack(0x00000002df400000,0x00000002df500000) (1024K)]
  0x000001cc71c9b950 WorkerThread "GC Thread#3"                     [id=31484, stack(0x00000002df500000,0x00000002df600000) (1024K)]
  0x000001cc71c9c0c0 WorkerThread "GC Thread#4"                     [id=6900, stack(0x00000002df600000,0x00000002df700000) (1024K)]
  0x000001cc71c9c830 WorkerThread "GC Thread#5"                     [id=35648, stack(0x00000002df700000,0x00000002df800000) (1024K)]
  0x000001cc71c964e0 WorkerThread "GC Thread#6"                     [id=13020, stack(0x00000002df800000,0x00000002df900000) (1024K)]
  0x000001cc71bd2cd0 WorkerThread "GC Thread#7"                     [id=34128, stack(0x00000002df900000,0x00000002dfa00000) (1024K)]
  0x000001cc56a3ec00 ConcurrentGCThread "G1 Main Marker"            [id=35252, stack(0x00000002de100000,0x00000002de200000) (1024K)]
  0x000001cc56a3f710 WorkerThread "G1 Conc#0"                       [id=35256, stack(0x00000002de200000,0x00000002de300000) (1024K)]
  0x000001cc70fd30f0 ConcurrentGCThread "G1 Refine#0"               [id=35268, stack(0x00000002de300000,0x00000002de400000) (1024K)]
  0x000001cc70fd3c60 ConcurrentGCThread "G1 Service"                [id=35272, stack(0x00000002de400000,0x00000002de500000) (1024K)]
Total: 14

Threads with active compile tasks:
C2 CompilerThread0    12686 1741   !   4       java.util.concurrent.ConcurrentHashMap::transfer (849 bytes)
C1 CompilerThread0    12687 1730       3       java.lang.invoke.Invokers::callSiteForm (297 bytes)
Total: 2

VM state: not at safepoint (normal execution)

VM Mutex/Monitor currently owned by a thread:  ([mutex/lock_event])
[0x00007ffadc9c00a8] Metaspace_lock - owner thread: 0x000001cc547217b0

Heap address: 0x0000000703800000, size: 4040 MB, Compressed Oops mode: Zero based, Oop shift amount: 3

CDS archive(s) not mapped
Compressed class space mapped at: 0x0000000800000000-0x0000000840000000, reserved size: 1073741824
Narrow klass base: 0x0000000800000000, Narrow klass shift: 0, Narrow klass range: 0x40000000

GC Precious Log:
 CardTable entry size: 512
 Card Set container configuration: InlinePtr #cards 4 size 8 Array Of Cards #cards 16 size 48 Howl #buckets 8 coarsen threshold 3686 Howl Bitmap #cards 512 size 80 coarsen threshold 460 Card regions per heap region 1 cards per card region 4096
 CPUs: 8 total, 8 available
 Memory: 16157M
 Large Page Support: Disabled
 NUMA Support: Disabled
 Compressed Oops: Enabled (Zero based)
 Heap Region Size: 2M
 Heap Min Capacity: 8M
 Heap Initial Capacity: 254M
 Heap Max Capacity: 4040M
 Pre-touch: Disabled
 Parallel Workers: 8
 Concurrent Workers: 2
 Concurrent Refinement Workers: 8
 Periodic GC: Disabled

Heap:
 garbage-first heap   total 260096K, used 16938K [0x0000000703800000, 0x0000000800000000)
  region size 2048K, 8 young (16384K), 2 survivors (4096K)
 Metaspace       used 20554K, committed 20800K, reserved 1114112K
  class space    used 2138K, committed 2240K, reserved 1048576K

Heap Regions: E=young(eden), S=young(survivor), O=old, HS=humongous(starts), HC=humongous(continues), CS=collection set, F=free, TAMS=top-at-mark-start, PB=parsable bottom
|   0|0x0000000703800000, 0x0000000703a00000, 0x0000000703a00000|100%| O|  |TAMS 0x0000000703800000| PB 0x0000000703800000| Untracked 
|   1|0x0000000703a00000, 0x0000000703a8aa20, 0x0000000703c00000| 27%| O|  |TAMS 0x0000000703a00000| PB 0x0000000703a00000| Untracked 
|   2|0x0000000703c00000, 0x0000000703c00000, 0x0000000703e00000|  0%| F|  |TAMS 0x0000000703c00000| PB 0x0000000703c00000| Untracked 
|   3|0x0000000703e00000, 0x0000000703e00000, 0x0000000704000000|  0%| F|  |TAMS 0x0000000703e00000| PB 0x0000000703e00000| Untracked 
|   4|0x0000000704000000, 0x0000000704000000, 0x0000000704200000|  0%| F|  |TAMS 0x0000000704000000| PB 0x0000000704000000| Untracked 
|   5|0x0000000704200000, 0x0000000704200000, 0x0000000704400000|  0%| F|  |TAMS 0x0000000704200000| PB 0x0000000704200000| Untracked 
|   6|0x0000000704400000, 0x0000000704400000, 0x0000000704600000|  0%| F|  |TAMS 0x0000000704400000| PB 0x0000000704400000| Untracked 
|   7|0x0000000704600000, 0x0000000704600000, 0x0000000704800000|  0%| F|  |TAMS 0x0000000704600000| PB 0x0000000704600000| Untracked 
|   8|0x0000000704800000, 0x0000000704800000, 0x0000000704a00000|  0%| F|  |TAMS 0x0000000704800000| PB 0x0000000704800000| Untracked 
|   9|0x0000000704a00000, 0x0000000704a00000, 0x0000000704c00000|  0%| F|  |TAMS 0x0000000704a00000| PB 0x0000000704a00000| Untracked 
|  10|0x0000000704c00000, 0x0000000704c00000, 0x0000000704e00000|  0%| F|  |TAMS 0x0000000704c00000| PB 0x0000000704c00000| Untracked 
|  11|0x0000000704e00000, 0x0000000704e00000, 0x0000000705000000|  0%| F|  |TAMS 0x0000000704e00000| PB 0x0000000704e00000| Untracked 
|  12|0x0000000705000000, 0x0000000705000000, 0x0000000705200000|  0%| F|  |TAMS 0x0000000705000000| PB 0x0000000705000000| Untracked 
|  13|0x0000000705200000, 0x0000000705200000, 0x0000000705400000|  0%| F|  |TAMS 0x0000000705200000| PB 0x0000000705200000| Untracked 
|  14|0x0000000705400000, 0x0000000705400000, 0x0000000705600000|  0%| F|  |TAMS 0x0000000705400000| PB 0x0000000705400000| Untracked 
|  15|0x0000000705600000, 0x0000000705600000, 0x0000000705800000|  0%| F|  |TAMS 0x0000000705600000| PB 0x0000000705600000| Untracked 
|  16|0x0000000705800000, 0x0000000705800000, 0x0000000705a00000|  0%| F|  |TAMS 0x0000000705800000| PB 0x0000000705800000| Untracked 
|  17|0x0000000705a00000, 0x0000000705a00000, 0x0000000705c00000|  0%| F|  |TAMS 0x0000000705a00000| PB 0x0000000705a00000| Untracked 
|  18|0x0000000705c00000, 0x0000000705c00000, 0x0000000705e00000|  0%| F|  |TAMS 0x0000000705c00000| PB 0x0000000705c00000| Untracked 
|  19|0x0000000705e00000, 0x0000000705e00000, 0x0000000706000000|  0%| F|  |TAMS 0x0000000705e00000| PB 0x0000000705e00000| Untracked 
|  20|0x0000000706000000, 0x0000000706000000, 0x0000000706200000|  0%| F|  |TAMS 0x0000000706000000| PB 0x0000000706000000| Untracked 
|  21|0x0000000706200000, 0x0000000706200000, 0x0000000706400000|  0%| F|  |TAMS 0x0000000706200000| PB 0x0000000706200000| Untracked 
|  22|0x0000000706400000, 0x0000000706400000, 0x0000000706600000|  0%| F|  |TAMS 0x0000000706400000| PB 0x0000000706400000| Untracked 
|  23|0x0000000706600000, 0x0000000706600000, 0x0000000706800000|  0%| F|  |TAMS 0x0000000706600000| PB 0x0000000706600000| Untracked 
|  24|0x0000000706800000, 0x0000000706800000, 0x0000000706a00000|  0%| F|  |TAMS 0x0000000706800000| PB 0x0000000706800000| Untracked 
|  25|0x0000000706a00000, 0x0000000706a00000, 0x0000000706c00000|  0%| F|  |TAMS 0x0000000706a00000| PB 0x0000000706a00000| Untracked 
|  26|0x0000000706c00000, 0x0000000706c00000, 0x0000000706e00000|  0%| F|  |TAMS 0x0000000706c00000| PB 0x0000000706c00000| Untracked 
|  27|0x0000000706e00000, 0x0000000706e00000, 0x0000000707000000|  0%| F|  |TAMS 0x0000000706e00000| PB 0x0000000706e00000| Untracked 
|  28|0x0000000707000000, 0x0000000707000000, 0x0000000707200000|  0%| F|  |TAMS 0x0000000707000000| PB 0x0000000707000000| Untracked 
|  29|0x0000000707200000, 0x0000000707200000, 0x0000000707400000|  0%| F|  |TAMS 0x0000000707200000| PB 0x0000000707200000| Untracked 
|  30|0x0000000707400000, 0x0000000707400000, 0x0000000707600000|  0%| F|  |TAMS 0x0000000707400000| PB 0x0000000707400000| Untracked 
|  31|0x0000000707600000, 0x0000000707600000, 0x0000000707800000|  0%| F|  |TAMS 0x0000000707600000| PB 0x0000000707600000| Untracked 
|  32|0x0000000707800000, 0x0000000707800000, 0x0000000707a00000|  0%| F|  |TAMS 0x0000000707800000| PB 0x0000000707800000| Untracked 
|  33|0x0000000707a00000, 0x0000000707a00000, 0x0000000707c00000|  0%| F|  |TAMS 0x0000000707a00000| PB 0x0000000707a00000| Untracked 
|  34|0x0000000707c00000, 0x0000000707c00000, 0x0000000707e00000|  0%| F|  |TAMS 0x0000000707c00000| PB 0x0000000707c00000| Untracked 
|  35|0x0000000707e00000, 0x0000000707e00000, 0x0000000708000000|  0%| F|  |TAMS 0x0000000707e00000| PB 0x0000000707e00000| Untracked 
|  36|0x0000000708000000, 0x0000000708000000, 0x0000000708200000|  0%| F|  |TAMS 0x0000000708000000| PB 0x0000000708000000| Untracked 
|  37|0x0000000708200000, 0x0000000708200000, 0x0000000708400000|  0%| F|  |TAMS 0x0000000708200000| PB 0x0000000708200000| Untracked 
|  38|0x0000000708400000, 0x0000000708400000, 0x0000000708600000|  0%| F|  |TAMS 0x0000000708400000| PB 0x0000000708400000| Untracked 
|  39|0x0000000708600000, 0x0000000708600000, 0x0000000708800000|  0%| F|  |TAMS 0x0000000708600000| PB 0x0000000708600000| Untracked 
|  40|0x0000000708800000, 0x0000000708800000, 0x0000000708a00000|  0%| F|  |TAMS 0x0000000708800000| PB 0x0000000708800000| Untracked 
|  41|0x0000000708a00000, 0x0000000708a00000, 0x0000000708c00000|  0%| F|  |TAMS 0x0000000708a00000| PB 0x0000000708a00000| Untracked 
|  42|0x0000000708c00000, 0x0000000708c00000, 0x0000000708e00000|  0%| F|  |TAMS 0x0000000708c00000| PB 0x0000000708c00000| Untracked 
|  43|0x0000000708e00000, 0x0000000708e00000, 0x0000000709000000|  0%| F|  |TAMS 0x0000000708e00000| PB 0x0000000708e00000| Untracked 
|  44|0x0000000709000000, 0x0000000709000000, 0x0000000709200000|  0%| F|  |TAMS 0x0000000709000000| PB 0x0000000709000000| Untracked 
|  45|0x0000000709200000, 0x0000000709200000, 0x0000000709400000|  0%| F|  |TAMS 0x0000000709200000| PB 0x0000000709200000| Untracked 
|  46|0x0000000709400000, 0x0000000709400000, 0x0000000709600000|  0%| F|  |TAMS 0x0000000709400000| PB 0x0000000709400000| Untracked 
|  47|0x0000000709600000, 0x0000000709600000, 0x0000000709800000|  0%| F|  |TAMS 0x0000000709600000| PB 0x0000000709600000| Untracked 
|  48|0x0000000709800000, 0x0000000709800000, 0x0000000709a00000|  0%| F|  |TAMS 0x0000000709800000| PB 0x0000000709800000| Untracked 
|  49|0x0000000709a00000, 0x0000000709a00000, 0x0000000709c00000|  0%| F|  |TAMS 0x0000000709a00000| PB 0x0000000709a00000| Untracked 
|  50|0x0000000709c00000, 0x0000000709c00000, 0x0000000709e00000|  0%| F|  |TAMS 0x0000000709c00000| PB 0x0000000709c00000| Untracked 
|  51|0x0000000709e00000, 0x0000000709e00000, 0x000000070a000000|  0%| F|  |TAMS 0x0000000709e00000| PB 0x0000000709e00000| Untracked 
|  52|0x000000070a000000, 0x000000070a000000, 0x000000070a200000|  0%| F|  |TAMS 0x000000070a000000| PB 0x000000070a000000| Untracked 
|  53|0x000000070a200000, 0x000000070a200000, 0x000000070a400000|  0%| F|  |TAMS 0x000000070a200000| PB 0x000000070a200000| Untracked 
|  54|0x000000070a400000, 0x000000070a400000, 0x000000070a600000|  0%| F|  |TAMS 0x000000070a400000| PB 0x000000070a400000| Untracked 
|  55|0x000000070a600000, 0x000000070a600000, 0x000000070a800000|  0%| F|  |TAMS 0x000000070a600000| PB 0x000000070a600000| Untracked 
|  56|0x000000070a800000, 0x000000070a800000, 0x000000070aa00000|  0%| F|  |TAMS 0x000000070a800000| PB 0x000000070a800000| Untracked 
|  57|0x000000070aa00000, 0x000000070aa00000, 0x000000070ac00000|  0%| F|  |TAMS 0x000000070aa00000| PB 0x000000070aa00000| Untracked 
|  58|0x000000070ac00000, 0x000000070ac00000, 0x000000070ae00000|  0%| F|  |TAMS 0x000000070ac00000| PB 0x000000070ac00000| Untracked 
|  59|0x000000070ae00000, 0x000000070ae00000, 0x000000070b000000|  0%| F|  |TAMS 0x000000070ae00000| PB 0x000000070ae00000| Untracked 
|  60|0x000000070b000000, 0x000000070b000000, 0x000000070b200000|  0%| F|  |TAMS 0x000000070b000000| PB 0x000000070b000000| Untracked 
|  61|0x000000070b200000, 0x000000070b200000, 0x000000070b400000|  0%| F|  |TAMS 0x000000070b200000| PB 0x000000070b200000| Untracked 
|  62|0x000000070b400000, 0x000000070b400000, 0x000000070b600000|  0%| F|  |TAMS 0x000000070b400000| PB 0x000000070b400000| Untracked 
|  63|0x000000070b600000, 0x000000070b600000, 0x000000070b800000|  0%| F|  |TAMS 0x000000070b600000| PB 0x000000070b600000| Untracked 
|  64|0x000000070b800000, 0x000000070b800000, 0x000000070ba00000|  0%| F|  |TAMS 0x000000070b800000| PB 0x000000070b800000| Untracked 
|  65|0x000000070ba00000, 0x000000070ba00000, 0x000000070bc00000|  0%| F|  |TAMS 0x000000070ba00000| PB 0x000000070ba00000| Untracked 
|  66|0x000000070bc00000, 0x000000070bc00000, 0x000000070be00000|  0%| F|  |TAMS 0x000000070bc00000| PB 0x000000070bc00000| Untracked 
|  67|0x000000070be00000, 0x000000070be00000, 0x000000070c000000|  0%| F|  |TAMS 0x000000070be00000| PB 0x000000070be00000| Untracked 
|  68|0x000000070c000000, 0x000000070c000000, 0x000000070c200000|  0%| F|  |TAMS 0x000000070c000000| PB 0x000000070c000000| Untracked 
|  69|0x000000070c200000, 0x000000070c200000, 0x000000070c400000|  0%| F|  |TAMS 0x000000070c200000| PB 0x000000070c200000| Untracked 
|  70|0x000000070c400000, 0x000000070c400000, 0x000000070c600000|  0%| F|  |TAMS 0x000000070c400000| PB 0x000000070c400000| Untracked 
|  71|0x000000070c600000, 0x000000070c600000, 0x000000070c800000|  0%| F|  |TAMS 0x000000070c600000| PB 0x000000070c600000| Untracked 
|  72|0x000000070c800000, 0x000000070c800000, 0x000000070ca00000|  0%| F|  |TAMS 0x000000070c800000| PB 0x000000070c800000| Untracked 
|  73|0x000000070ca00000, 0x000000070ca00000, 0x000000070cc00000|  0%| F|  |TAMS 0x000000070ca00000| PB 0x000000070ca00000| Untracked 
|  74|0x000000070cc00000, 0x000000070cc00000, 0x000000070ce00000|  0%| F|  |TAMS 0x000000070cc00000| PB 0x000000070cc00000| Untracked 
|  75|0x000000070ce00000, 0x000000070ce00000, 0x000000070d000000|  0%| F|  |TAMS 0x000000070ce00000| PB 0x000000070ce00000| Untracked 
|  76|0x000000070d000000, 0x000000070d000000, 0x000000070d200000|  0%| F|  |TAMS 0x000000070d000000| PB 0x000000070d000000| Untracked 
|  77|0x000000070d200000, 0x000000070d200000, 0x000000070d400000|  0%| F|  |TAMS 0x000000070d200000| PB 0x000000070d200000| Untracked 
|  78|0x000000070d400000, 0x000000070d400000, 0x000000070d600000|  0%| F|  |TAMS 0x000000070d400000| PB 0x000000070d400000| Untracked 
|  79|0x000000070d600000, 0x000000070d600000, 0x000000070d800000|  0%| F|  |TAMS 0x000000070d600000| PB 0x000000070d600000| Untracked 
|  80|0x000000070d800000, 0x000000070d800000, 0x000000070da00000|  0%| F|  |TAMS 0x000000070d800000| PB 0x000000070d800000| Untracked 
|  81|0x000000070da00000, 0x000000070da00000, 0x000000070dc00000|  0%| F|  |TAMS 0x000000070da00000| PB 0x000000070da00000| Untracked 
|  82|0x000000070dc00000, 0x000000070dc00000, 0x000000070de00000|  0%| F|  |TAMS 0x000000070dc00000| PB 0x000000070dc00000| Untracked 
|  83|0x000000070de00000, 0x000000070de00000, 0x000000070e000000|  0%| F|  |TAMS 0x000000070de00000| PB 0x000000070de00000| Untracked 
|  84|0x000000070e000000, 0x000000070e000000, 0x000000070e200000|  0%| F|  |TAMS 0x000000070e000000| PB 0x000000070e000000| Untracked 
|  85|0x000000070e200000, 0x000000070e200000, 0x000000070e400000|  0%| F|  |TAMS 0x000000070e200000| PB 0x000000070e200000| Untracked 
|  86|0x000000070e400000, 0x000000070e400000, 0x000000070e600000|  0%| F|  |TAMS 0x000000070e400000| PB 0x000000070e400000| Untracked 
|  87|0x000000070e600000, 0x000000070e600000, 0x000000070e800000|  0%| F|  |TAMS 0x000000070e600000| PB 0x000000070e600000| Untracked 
|  88|0x000000070e800000, 0x000000070e800000, 0x000000070ea00000|  0%| F|  |TAMS 0x000000070e800000| PB 0x000000070e800000| Untracked 
|  89|0x000000070ea00000, 0x000000070ea00000, 0x000000070ec00000|  0%| F|  |TAMS 0x000000070ea00000| PB 0x000000070ea00000| Untracked 
|  90|0x000000070ec00000, 0x000000070ec00000, 0x000000070ee00000|  0%| F|  |TAMS 0x000000070ec00000| PB 0x000000070ec00000| Untracked 
|  91|0x000000070ee00000, 0x000000070ee00000, 0x000000070f000000|  0%| F|  |TAMS 0x000000070ee00000| PB 0x000000070ee00000| Untracked 
|  92|0x000000070f000000, 0x000000070f000000, 0x000000070f200000|  0%| F|  |TAMS 0x000000070f000000| PB 0x000000070f000000| Untracked 
|  93|0x000000070f200000, 0x000000070f200000, 0x000000070f400000|  0%| F|  |TAMS 0x000000070f200000| PB 0x000000070f200000| Untracked 
|  94|0x000000070f400000, 0x000000070f400000, 0x000000070f600000|  0%| F|  |TAMS 0x000000070f400000| PB 0x000000070f400000| Untracked 
|  95|0x000000070f600000, 0x000000070f600000, 0x000000070f800000|  0%| F|  |TAMS 0x000000070f600000| PB 0x000000070f600000| Untracked 
|  96|0x000000070f800000, 0x000000070f800000, 0x000000070fa00000|  0%| F|  |TAMS 0x000000070f800000| PB 0x000000070f800000| Untracked 
|  97|0x000000070fa00000, 0x000000070fa00000, 0x000000070fc00000|  0%| F|  |TAMS 0x000000070fa00000| PB 0x000000070fa00000| Untracked 
|  98|0x000000070fc00000, 0x000000070fc00000, 0x000000070fe00000|  0%| F|  |TAMS 0x000000070fc00000| PB 0x000000070fc00000| Untracked 
|  99|0x000000070fe00000, 0x000000070fe00000, 0x0000000710000000|  0%| F|  |TAMS 0x000000070fe00000| PB 0x000000070fe00000| Untracked 
| 100|0x0000000710000000, 0x0000000710000000, 0x0000000710200000|  0%| F|  |TAMS 0x0000000710000000| PB 0x0000000710000000| Untracked 
| 101|0x0000000710200000, 0x0000000710200000, 0x0000000710400000|  0%| F|  |TAMS 0x0000000710200000| PB 0x0000000710200000| Untracked 
| 102|0x0000000710400000, 0x0000000710400000, 0x0000000710600000|  0%| F|  |TAMS 0x0000000710400000| PB 0x0000000710400000| Untracked 
| 103|0x0000000710600000, 0x0000000710600000, 0x0000000710800000|  0%| F|  |TAMS 0x0000000710600000| PB 0x0000000710600000| Untracked 
| 104|0x0000000710800000, 0x0000000710800000, 0x0000000710a00000|  0%| F|  |TAMS 0x0000000710800000| PB 0x0000000710800000| Untracked 
| 105|0x0000000710a00000, 0x0000000710a00000, 0x0000000710c00000|  0%| F|  |TAMS 0x0000000710a00000| PB 0x0000000710a00000| Untracked 
| 106|0x0000000710c00000, 0x0000000710c00000, 0x0000000710e00000|  0%| F|  |TAMS 0x0000000710c00000| PB 0x0000000710c00000| Untracked 
| 107|0x0000000710e00000, 0x0000000710e00000, 0x0000000711000000|  0%| F|  |TAMS 0x0000000710e00000| PB 0x0000000710e00000| Untracked 
| 108|0x0000000711000000, 0x0000000711000000, 0x0000000711200000|  0%| F|  |TAMS 0x0000000711000000| PB 0x0000000711000000| Untracked 
| 109|0x0000000711200000, 0x0000000711200000, 0x0000000711400000|  0%| F|  |TAMS 0x0000000711200000| PB 0x0000000711200000| Untracked 
| 110|0x0000000711400000, 0x0000000711400000, 0x0000000711600000|  0%| F|  |TAMS 0x0000000711400000| PB 0x0000000711400000| Untracked 
| 111|0x0000000711600000, 0x0000000711600000, 0x0000000711800000|  0%| F|  |TAMS 0x0000000711600000| PB 0x0000000711600000| Untracked 
| 112|0x0000000711800000, 0x0000000711800000, 0x0000000711a00000|  0%| F|  |TAMS 0x0000000711800000| PB 0x0000000711800000| Untracked 
| 113|0x0000000711a00000, 0x0000000711a00000, 0x0000000711c00000|  0%| F|  |TAMS 0x0000000711a00000| PB 0x0000000711a00000| Untracked 
| 114|0x0000000711c00000, 0x0000000711e00000, 0x0000000711e00000|100%| S|CS|TAMS 0x0000000711c00000| PB 0x0000000711c00000| Complete 
| 115|0x0000000711e00000, 0x0000000712000000, 0x0000000712000000|100%| S|CS|TAMS 0x0000000711e00000| PB 0x0000000711e00000| Complete 
| 116|0x0000000712000000, 0x0000000712000000, 0x0000000712200000|  0%| F|  |TAMS 0x0000000712000000| PB 0x0000000712000000| Untracked 
| 117|0x0000000712200000, 0x0000000712200000, 0x0000000712400000|  0%| F|  |TAMS 0x0000000712200000| PB 0x0000000712200000| Untracked 
| 118|0x0000000712400000, 0x0000000712400000, 0x0000000712600000|  0%| F|  |TAMS 0x0000000712400000| PB 0x0000000712400000| Untracked 
| 119|0x0000000712600000, 0x0000000712600000, 0x0000000712800000|  0%| F|  |TAMS 0x0000000712600000| PB 0x0000000712600000| Untracked 
| 120|0x0000000712800000, 0x0000000712800000, 0x0000000712a00000|  0%| F|  |TAMS 0x0000000712800000| PB 0x0000000712800000| Untracked 
| 121|0x0000000712a00000, 0x0000000712c00000, 0x0000000712c00000|100%| E|  |TAMS 0x0000000712a00000| PB 0x0000000712a00000| Complete 
| 122|0x0000000712c00000, 0x0000000712e00000, 0x0000000712e00000|100%| E|CS|TAMS 0x0000000712c00000| PB 0x0000000712c00000| Complete 
| 123|0x0000000712e00000, 0x0000000713000000, 0x0000000713000000|100%| E|CS|TAMS 0x0000000712e00000| PB 0x0000000712e00000| Complete 
| 124|0x0000000713000000, 0x0000000713200000, 0x0000000713200000|100%| E|CS|TAMS 0x0000000713000000| PB 0x0000000713000000| Complete 
| 125|0x0000000713200000, 0x0000000713400000, 0x0000000713400000|100%| E|CS|TAMS 0x0000000713200000| PB 0x0000000713200000| Complete 
| 126|0x0000000713400000, 0x0000000713600000, 0x0000000713600000|100%| E|CS|TAMS 0x0000000713400000| PB 0x0000000713400000| Complete 

Card table byte_map: [0x000001cc6a000000,0x000001cc6a7f0000] _byte_map_base: 0x000001cc667e4000

Marking Bits: (CMBitMap*) 0x000001cc56a2e6a0
 Bits: [0x000001cc6a7f0000, 0x000001cc6e710000)

Polling page: 0x000001cc54900000

Metaspace:

Usage:
  Non-class:     17.98 MB used.
      Class:      2.09 MB used.
       Both:     20.07 MB used.

Virtual space:
  Non-class space:       64.00 MB reserved,      18.12 MB ( 28%) committed,  1 nodes.
      Class space:        1.00 GB reserved,       2.19 MB ( <1%) committed,  1 nodes.
             Both:        1.06 GB reserved,      20.31 MB (  2%) committed. 

Chunk freelists:
   Non-Class:  13.55 MB
       Class:  13.81 MB
        Both:  27.36 MB

MaxMetaspaceSize: unlimited
CompressedClassSpaceSize: 1.00 GB
Initial GC threshold: 21.00 MB
Current GC threshold: 21.00 MB
CDS: off
 - commit_granule_bytes: 65536.
 - commit_granule_words: 8192.
 - virtual_space_node_default_size: 8388608.
 - enlarge_chunks_in_place: 1.
 - use_allocation_guard: 0.


Internal statistics:

num_allocs_failed_limit: 0.
num_arena_births: 330.
num_arena_deaths: 0.
num_vsnodes_births: 2.
num_vsnodes_deaths: 0.
num_space_committed: 325.
num_space_uncommitted: 0.
num_chunks_returned_to_freelist: 0.
num_chunks_taken_from_freelist: 630.
num_chunk_merges: 0.
num_chunk_splits: 345.
num_chunks_enlarged: 189.
num_inconsistent_stats: 0.

CodeHeap 'non-profiled nmethods': size=120000Kb used=559Kb max_used=559Kb free=119440Kb
 bounds [0x000001cc61fa0000, 0x000001cc62210000, 0x000001cc694d0000]
CodeHeap 'profiled nmethods': size=120000Kb used=3104Kb max_used=3104Kb free=116896Kb
 bounds [0x000001cc5a4d0000, 0x000001cc5a7e0000, 0x000001cc61a00000]
CodeHeap 'non-nmethods': size=5760Kb used=1441Kb max_used=1465Kb free=4319Kb
 bounds [0x000001cc61a00000, 0x000001cc61c70000, 0x000001cc61fa0000]
 total_blobs=2254 nmethods=1724 adapters=435
 compilation: enabled
              stopped_count=0, restarted_count=0
 full_count=0

Compilation events (20 events):
Event: 12.592 Thread 0x000001cc7124d580 nmethod 1714 0x000001cc5a7d4490 code [0x000001cc5a7d4660, 0x000001cc5a7d4958]
Event: 12.592 Thread 0x000001cc7124d580 1715       3       java.util.stream.AbstractPipeline::wrapAndCopyInto (18 bytes)
Event: 12.592 Thread 0x000001cc7124d580 nmethod 1715 0x000001cc5a7d4a10 code [0x000001cc5a7d4c00, 0x000001cc5a7d5010]
Event: 12.592 Thread 0x000001cc7124d580 1716       3       java.lang.invoke.LambdaForm$MH/0x00000008000c8000::invoke (25 bytes)
Event: 12.593 Thread 0x000001cc7124d580 nmethod 1716 0x000001cc5a7d5190 code [0x000001cc5a7d5360, 0x000001cc5a7d5828]
Event: 12.593 Thread 0x000001cc7124d580 1717       1       java.util.stream.Collectors$CollectorImpl::characteristics (5 bytes)
Event: 12.593 Thread 0x000001cc7124d580 nmethod 1717 0x000001cc62027f90 code [0x000001cc62028120, 0x000001cc620281f0]
Event: 12.593 Thread 0x000001cc7124d580 1718       1       java.util.Spliterators$ArraySpliterator::characteristics (5 bytes)
Event: 12.594 Thread 0x000001cc7124d580 nmethod 1718 0x000001cc62028290 code [0x000001cc62028420, 0x000001cc620284e8]
Event: 12.594 Thread 0x000001cc7124d580 1719       3       java.util.ArrayList::toArray (12 bytes)
Event: 12.594 Thread 0x000001cc7124d580 nmethod 1719 0x000001cc5a7d5990 code [0x000001cc5a7d5b40, 0x000001cc5a7d5d20]
Event: 12.594 Thread 0x000001cc7124d580 1720       3       java.util.stream.ReduceOps$3ReducingSink::accept (15 bytes)
Event: 12.595 Thread 0x000001cc7124d580 nmethod 1720 0x000001cc5a7d5e10 code [0x000001cc5a7d5fc0, 0x000001cc5a7d61b0]
Event: 12.595 Thread 0x000001cc7124d580 1721       3       java.lang.invoke.BoundMethodHandle::rebind (14 bytes)
Event: 12.595 Thread 0x000001cc7124d580 nmethod 1721 0x000001cc5a7d6290 code [0x000001cc5a7d64a0, 0x000001cc5a7d6a08]
Event: 12.596 Thread 0x000001cc7124d580 1726       3       java.lang.invoke.ConstantCallSite::<init> (17 bytes)
Event: 12.596 Thread 0x000001cc7124d580 nmethod 1726 0x000001cc5a7d6c10 code [0x000001cc5a7d6e00, 0x000001cc5a7d7390]
Event: 12.596 Thread 0x000001cc7124d580 1725       3       java.util.stream.AbstractPipeline::<init> (91 bytes)
Event: 12.597 Thread 0x000001cc7124d580 nmethod 1725 0x000001cc5a7d7590 code [0x000001cc5a7d7780, 0x000001cc5a7d7e08]
Event: 12.597 Thread 0x000001cc7124d580 1730       3       java.lang.invoke.Invokers::callSiteForm (297 bytes)

GC Heap History (2 events):
Event: 3.486 GC heap before
{Heap before GC invocations=0 (full 0):
 garbage-first heap   total 260096K, used 20480K [0x0000000703800000, 0x0000000800000000)
  region size 2048K, 11 young (22528K), 0 survivors (0K)
 Metaspace       used 16251K, committed 16576K, reserved 1114112K
  class space    used 1560K, committed 1728K, reserved 1048576K
}
Event: 3.494 GC heap after
{Heap after GC invocations=1 (full 0):
 garbage-first heap   total 260096K, used 6698K [0x0000000703800000, 0x0000000800000000)
  region size 2048K, 2 young (4096K), 2 survivors (4096K)
 Metaspace       used 16251K, committed 16576K, reserved 1114112K
  class space    used 1560K, committed 1728K, reserved 1048576K
}

Dll operation events (8 events):
Event: 0.042 Loaded shared library C:\Users\rbharatm\Documents\eclipse\plugins\org.eclipse.justj.openjdk.hotspot.jre.full.win32.x86_64_21.0.3.v20240426-1530\jre\bin\java.dll
Event: 0.061 Loaded shared library C:\Users\rbharatm\Documents\eclipse\plugins\org.eclipse.justj.openjdk.hotspot.jre.full.win32.x86_64_21.0.3.v20240426-1530\jre\bin\zip.dll
Event: 0.536 Loaded shared library C:\Users\rbharatm\Documents\eclipse\plugins\org.eclipse.justj.openjdk.hotspot.jre.full.win32.x86_64_21.0.3.v20240426-1530\jre\bin\net.dll
Event: 0.548 Loaded shared library C:\Users\rbharatm\Documents\eclipse\plugins\org.eclipse.justj.openjdk.hotspot.jre.full.win32.x86_64_21.0.3.v20240426-1530\jre\bin\nio.dll
Event: 0.568 Loaded shared library C:\Users\rbharatm\Documents\eclipse\plugins\org.eclipse.justj.openjdk.hotspot.jre.full.win32.x86_64_21.0.3.v20240426-1530\jre\bin\zip.dll
Event: 0.785 Loaded shared library C:\Users\rbharatm\Documents\eclipse\plugins\org.eclipse.justj.openjdk.hotspot.jre.full.win32.x86_64_21.0.3.v20240426-1530\jre\bin\jimage.dll
Event: 0.946 Loaded shared library C:\Users\rbharatm\Documents\eclipse\plugins\org.eclipse.justj.openjdk.hotspot.jre.full.win32.x86_64_21.0.3.v20240426-1530\jre\bin\extnet.dll
Event: 3.222 Loaded shared library C:\Users\rbharatm\Documents\eclipse\plugins\org.eclipse.justj.openjdk.hotspot.jre.full.win32.x86_64_21.0.3.v20240426-1530\jre\bin\sunmscapi.dll

Deoptimization events (20 events):
Event: 3.600 Thread 0x000001cc547217b0 Uncommon trap: trap_request=0xffffff45 fr.pc=0x000001cc61fd24d4 relative=0x0000000000000214
Event: 3.600 Thread 0x000001cc547217b0 Uncommon trap: reason=unstable_if action=reinterpret pc=0x000001cc61fd24d4 method=java.util.HashMap.putVal(ILjava/lang/Object;Ljava/lang/Object;ZZ)Ljava/lang/Object; @ 162 c2
Event: 3.600 Thread 0x000001cc547217b0 DEOPT PACKING pc=0x000001cc61fd24d4 sp=0x00000002ddffbf90
Event: 3.600 Thread 0x000001cc547217b0 DEOPT UNPACKING pc=0x000001cc61a546a2 sp=0x00000002ddffbf30 mode 2
Event: 3.697 Thread 0x000001cc547217b0 Uncommon trap: trap_request=0xffffffde fr.pc=0x000001cc61fcb8e4 relative=0x0000000000000304
Event: 3.697 Thread 0x000001cc547217b0 Uncommon trap: reason=class_check action=maybe_recompile pc=0x000001cc61fcb8e4 method=java.util.regex.Pattern$BmpCharPropertyGreedy.match(Ljava/util/regex/Matcher;ILjava/lang/CharSequence;)Z @ 26 c2
Event: 3.697 Thread 0x000001cc547217b0 DEOPT PACKING pc=0x000001cc61fcb8e4 sp=0x00000002ddffdc50
Event: 3.697 Thread 0x000001cc547217b0 DEOPT UNPACKING pc=0x000001cc61a546a2 sp=0x00000002ddffdc08 mode 2
Event: 3.697 Thread 0x000001cc547217b0 Uncommon trap: trap_request=0xffffffde fr.pc=0x000001cc61fcb8e4 relative=0x0000000000000304
Event: 3.697 Thread 0x000001cc547217b0 Uncommon trap: reason=class_check action=maybe_recompile pc=0x000001cc61fcb8e4 method=java.util.regex.Pattern$BmpCharPropertyGreedy.match(Ljava/util/regex/Matcher;ILjava/lang/CharSequence;)Z @ 26 c2
Event: 3.697 Thread 0x000001cc547217b0 DEOPT PACKING pc=0x000001cc61fcb8e4 sp=0x00000002ddffdc50
Event: 3.697 Thread 0x000001cc547217b0 DEOPT UNPACKING pc=0x000001cc61a546a2 sp=0x00000002ddffdc08 mode 2
Event: 3.697 Thread 0x000001cc547217b0 Uncommon trap: trap_request=0xffffffde fr.pc=0x000001cc61fcb8e4 relative=0x0000000000000304
Event: 3.697 Thread 0x000001cc547217b0 Uncommon trap: reason=class_check action=maybe_recompile pc=0x000001cc61fcb8e4 method=java.util.regex.Pattern$BmpCharPropertyGreedy.match(Ljava/util/regex/Matcher;ILjava/lang/CharSequence;)Z @ 26 c2
Event: 3.697 Thread 0x000001cc547217b0 DEOPT PACKING pc=0x000001cc61fcb8e4 sp=0x00000002ddffdc50
Event: 3.697 Thread 0x000001cc547217b0 DEOPT UNPACKING pc=0x000001cc61a546a2 sp=0x00000002ddffdc08 mode 2
Event: 12.028 Thread 0x000001cc71d35440 Uncommon trap: trap_request=0xffffff45 fr.pc=0x000001cc62026028 relative=0x0000000000000448
Event: 12.028 Thread 0x000001cc71d35440 Uncommon trap: reason=unstable_if action=reinterpret pc=0x000001cc62026028 method=org.openqa.selenium.io.CircularOutputStream.write([BII)V @ 28 c2
Event: 12.028 Thread 0x000001cc71d35440 DEOPT PACKING pc=0x000001cc62026028 sp=0x00000002dfbfee30
Event: 12.028 Thread 0x000001cc71d35440 DEOPT UNPACKING pc=0x000001cc61a546a2 sp=0x00000002dfbfed98 mode 2

Classes loaded (20 events):
Event: 12.532 Loading class java/util/stream/FindOps$FindSink$OfLong
Event: 12.532 Loading class java/util/stream/Sink$OfLong
Event: 12.532 Loading class java/util/function/LongConsumer
Event: 12.532 Loading class java/util/function/LongConsumer done
Event: 12.532 Loading class java/util/stream/Sink$OfLong done
Event: 12.533 Loading class java/util/stream/FindOps$FindSink$OfLong done
Event: 12.533 Loading class java/util/OptionalLong
Event: 12.533 Loading class java/util/OptionalLong done
Event: 12.535 Loading class java/util/stream/ReferencePipeline$5$1
Event: 12.535 Loading class java/util/stream/ReferencePipeline$5$1 done
Event: 12.536 Loading class java/lang/invoke/VarHandleBytes$FieldInstanceReadWrite
Event: 12.536 Loading class java/lang/invoke/VarHandleBytes$FieldInstanceReadOnly
Event: 12.537 Loading class java/lang/invoke/VarHandleBytes$FieldInstanceReadOnly done
Event: 12.537 Loading class java/lang/invoke/VarHandleBytes$FieldInstanceReadWrite done
Event: 12.588 Loading class java/util/ImmutableCollections$Access
Event: 12.588 Loading class java/util/ImmutableCollections$Access done
Event: 12.588 Loading class java/util/ImmutableCollections$Access$1
Event: 12.588 Loading class jdk/internal/access/JavaUtilCollectionAccess
Event: 12.588 Loading class jdk/internal/access/JavaUtilCollectionAccess done
Event: 12.588 Loading class java/util/ImmutableCollections$Access$1 done

Classes unloaded (0 events):
No events

Classes redefined (0 events):
No events

Internal exceptions (20 events):
Event: 3.899 Thread 0x000001cc71d36690 Exception <a 'java/net/ConnectException'{0x000000071303ec98}: Connection refused: getsockopt> (0x000000071303ec98) 
thrown [s\src\hotspot\share\prims\jni.cpp, line 539]
Event: 3.900 Thread 0x000001cc71d36690 Exception <a 'java/net/ConnectException'{0x000000071303f4f0}: Connection refused: getsockopt> (0x000000071303f4f0) 
thrown [s\src\hotspot\share\prims\jni.cpp, line 539]
Event: 3.902 Thread 0x000001cc71d36690 Exception <a 'java/net/ConnectException'{0x000000071303fd48}: Connection refused: getsockopt> (0x000000071303fd48) 
thrown [s\src\hotspot\share\prims\jni.cpp, line 539]
Event: 3.903 Thread 0x000001cc71d36690 Exception <a 'java/net/ConnectException'{0x00000007130405a0}: Connection refused: getsockopt> (0x00000007130405a0) 
thrown [s\src\hotspot\share\prims\jni.cpp, line 539]
Event: 3.904 Thread 0x000001cc71d36690 Exception <a 'java/net/ConnectException'{0x0000000713040df8}: Connection refused: getsockopt> (0x0000000713040df8) 
thrown [s\src\hotspot\share\prims\jni.cpp, line 539]
Event: 3.905 Thread 0x000001cc71d36690 Exception <a 'java/net/ConnectException'{0x0000000713041650}: Connection refused: getsockopt> (0x0000000713041650) 
thrown [s\src\hotspot\share\prims\jni.cpp, line 539]
Event: 3.906 Thread 0x000001cc71d36690 Exception <a 'java/net/ConnectException'{0x0000000713041ea8}: Connection refused: getsockopt> (0x0000000713041ea8) 
thrown [s\src\hotspot\share\prims\jni.cpp, line 539]
Event: 3.908 Thread 0x000001cc71d36690 Exception <a 'java/net/ConnectException'{0x0000000713042700}: Connection refused: getsockopt> (0x0000000713042700) 
thrown [s\src\hotspot\share\prims\jni.cpp, line 539]
Event: 3.909 Thread 0x000001cc71d36690 Exception <a 'java/net/ConnectException'{0x0000000713042f58}: Connection refused: getsockopt> (0x0000000713042f58) 
thrown [s\src\hotspot\share\prims\jni.cpp, line 539]
Event: 3.910 Thread 0x000001cc71d36690 Exception <a 'java/net/ConnectException'{0x00000007130437b0}: Connection refused: getsockopt> (0x00000007130437b0) 
thrown [s\src\hotspot\share\prims\jni.cpp, line 539]
Event: 3.911 Thread 0x000001cc71d36690 Exception <a 'java/net/ConnectException'{0x0000000713044008}: Connection refused: getsockopt> (0x0000000713044008) 
thrown [s\src\hotspot\share\prims\jni.cpp, line 539]
Event: 3.950 Thread 0x000001cc547217b0 Exception <a 'java/lang/NoSuchMethodError'{0x0000000713111768}: 'java.lang.Object java.lang.invoke.DirectMethodHandle$Holder.newInvokeSpecial(java.lang.Object, java.lang.Object, int, int)'> (0x0000000713111768) 
thrown [s\src\hotspot\share\interpreter\linkResolver.cpp, line 773]
Event: 3.952 Thread 0x000001cc547217b0 Exception <a 'java/lang/NoSuchMethodError'{0x000000071311bb10}: 'void java.lang.invoke.DirectMethodHandle$Holder.invokeStatic(java.lang.Object, java.lang.Object, int)'> (0x000000071311bb10) 
thrown [s\src\hotspot\share\interpreter\linkResolver.cpp, line 773]
Event: 3.969 Thread 0x000001cc547217b0 Exception <a 'java/lang/NoSuchMethodError'{0x000000071318e748}: 'java.lang.Object java.lang.invoke.DirectMethodHandle$Holder.newInvokeSpecial(java.lang.Object, java.lang.Object, java.lang.Object, java.lang.Object, java.lang.Object)'> (0x000000071318e748) 
thrown [s\src\hotspot\share\interpreter\linkResolver.cpp, line 773]
Event: 3.977 Thread 0x000001cc547217b0 Exception <a 'java/lang/NoSuchMethodError'{0x00000007131aefc0}: 'void java.lang.invoke.DirectMethodHandle$Holder.invokeInterface(java.lang.Object, java.lang.Object, java.lang.Object)'> (0x00000007131aefc0) 
thrown [s\src\hotspot\share\interpreter\linkResolver.cpp, line 773]
Event: 4.034 Thread 0x000001cc71e7c480 Exception <a 'java/lang/NoSuchMethodError'{0x0000000712fcab80}: 'java.lang.Object java.lang.invoke.DirectMethodHandle$Holder.invokeSpecial(java.lang.Object, java.lang.Object, java.lang.Object, java.lang.Object, int)'> (0x0000000712fcab80) 
thrown [s\src\hotspot\share\interpreter\linkResolver.cpp, line 773]
Event: 4.035 Thread 0x000001cc71e7c480 Exception <a 'java/lang/NoSuchMethodError'{0x0000000712fce4c8}: 'java.lang.Object java.lang.invoke.Invokers$Holder.linkToTargetMethod(java.lang.Object, java.lang.Object, int, java.lang.Object)'> (0x0000000712fce4c8) 
thrown [s\src\hotspot\share\interpreter\linkResolver.cpp, line 773]
Event: 4.064 Thread 0x000001cc71e7c480 Exception <a 'java/lang/NoSuchMethodError'{0x0000000712ce2ca8}: 'void java.lang.invoke.DirectMethodHandle$Holder.invokeSpecial(java.lang.Object, java.lang.Object, java.lang.Object, java.lang.Object, java.lang.Object)'> (0x0000000712ce2ca8) 
thrown [s\src\hotspot\share\interpreter\linkResolver.cpp, line 773]
Event: 12.543 Thread 0x000001cc71e7c480 Exception <a 'java/lang/NoSuchMethodError'{0x0000000712a6c0b8}: 'void java.lang.invoke.DirectMethodHandle$Holder.invokeSpecial(java.lang.Object, java.lang.Object, java.lang.Object, java.lang.Object, java.lang.Object, java.lang.Object, java.lang.Object)'> (0x0000000712a6c0b8) 
thrown [s\src\hotspot\share\interpreter\linkResolver.cpp, line 773]
Event: 12.565 Thread 0x000001cc547217b0 Exception <a 'java/lang/NoSuchMethodError'{0x0000000712f1df00}: 'java.lang.Object java.lang.invoke.DirectMethodHandle$Holder.invokeSpecialIFC(java.lang.Object, java.lang.Object, java.lang.Object)'> (0x0000000712f1df00) 
thrown [s\src\hotspot\share\interpreter\linkResolver.cpp, line 773]

ZGC Phase Switch (0 events):
No events

VM Operations (20 events):
Event: 3.099 Executing VM operation: HandshakeAllThreads (Deoptimize)
Event: 3.099 Executing VM operation: HandshakeAllThreads (Deoptimize) done
Event: 3.146 Executing VM operation: HandshakeAllThreads (Deoptimize)
Event: 3.146 Executing VM operation: HandshakeAllThreads (Deoptimize) done
Event: 3.146 Executing VM operation: Cleanup
Event: 3.146 Executing VM operation: Cleanup done
Event: 3.235 Executing VM operation: HandshakeAllThreads (Deoptimize)
Event: 3.235 Executing VM operation: HandshakeAllThreads (Deoptimize) done
Event: 3.386 Executing VM operation: HandshakeAllThreads (Deoptimize)
Event: 3.386 Executing VM operation: HandshakeAllThreads (Deoptimize) done
Event: 3.486 Executing VM operation: G1CollectForAllocation (G1 Evacuation Pause)
Event: 3.494 Executing VM operation: G1CollectForAllocation (G1 Evacuation Pause) done
Event: 5.500 Executing VM operation: Cleanup
Event: 5.500 Executing VM operation: Cleanup done
Event: 12.523 Executing VM operation: HandshakeAllThreads (Deoptimize)
Event: 12.523 Executing VM operation: HandshakeAllThreads (Deoptimize) done
Event: 12.523 Executing VM operation: Cleanup
Event: 12.523 Executing VM operation: Cleanup done
Event: 12.525 Executing VM operation: HandshakeAllThreads (Deoptimize)
Event: 12.525 Executing VM operation: HandshakeAllThreads (Deoptimize) done

Events (20 events):
Event: 0.245 Thread 0x000001cc711f9b60 Thread added: 0x000001cc711f9b60
Event: 0.246 Thread 0x000001cc71219f80 Thread added: 0x000001cc71219f80
Event: 0.246 Thread 0x000001cc7121a920 Thread added: 0x000001cc7121a920
Event: 0.248 Thread 0x000001cc7124d580 Thread added: 0x000001cc7124d580
Event: 0.485 Thread 0x000001cc7139a720 Thread added: 0x000001cc7139a720
Event: 0.633 Thread 0x000001cc71586130 Thread added: 0x000001cc71586130
Event: 0.639 Thread 0x000001cc7173a440 Thread added: 0x000001cc7173a440
Event: 0.992 Thread 0x000001cc7173a440 Thread exited: 0x000001cc7173a440
Event: 1.243 Thread 0x000001cc719a8590 Thread added: 0x000001cc719a8590
Event: 2.896 Thread 0x000001cc719a8590 Thread exited: 0x000001cc719a8590
Event: 3.020 Thread 0x000001cc71a3ce40 Thread added: 0x000001cc71a3ce40
Event: 3.131 Thread 0x000001cc71b627d0 Thread added: 0x000001cc71b627d0
Event: 3.665 Thread 0x000001cc71cf8df0 Thread added: 0x000001cc71cf8df0
Event: 3.721 Thread 0x000001cc71d35440 Thread added: 0x000001cc71d35440
Event: 3.723 Thread 0x000001cc71d36690 Thread added: 0x000001cc71d36690
Event: 3.724 Thread 0x000001cc71d37a30 Thread added: 0x000001cc71d37a30
Event: 3.765 Thread 0x000001cc71b627d0 Thread exited: 0x000001cc71b627d0
Event: 4.017 Thread 0x000001cc71e7c480 Thread added: 0x000001cc71e7c480
Event: 4.085 Thread 0x000001cc7658bef0 Thread added: 0x000001cc7658bef0
Event: 4.086 Thread 0x000001cc76591ca0 Thread added: 0x000001cc76591ca0


Dynamic libraries:
0x00007ff7f4340000 - 0x00007ff7f434e000 	C:\Users\rbharatm\Documents\eclipse\plugins\org.eclipse.justj.openjdk.hotspot.jre.full.win32.x86_64_21.0.3.v20240426-1530\jre\bin\javaw.exe
0x00007ffb3f330000 - 0x00007ffb3f528000 	C:\WINDOWS\SYSTEM32\ntdll.dll
0x00007ffb3db10000 - 0x00007ffb3dbcd000 	C:\WINDOWS\System32\KERNEL32.DLL
0x00007ffb3d040000 - 0x00007ffb3d336000 	C:\WINDOWS\System32\KERNELBASE.dll
0x00007ffb3cda0000 - 0x00007ffb3cea0000 	C:\WINDOWS\System32\ucrtbase.dll
0x00007ffb39280000 - 0x00007ffb39298000 	C:\Users\rbharatm\Documents\eclipse\plugins\org.eclipse.justj.openjdk.hotspot.jre.full.win32.x86_64_21.0.3.v20240426-1530\jre\bin\jli.dll
0x00007ffb3d370000 - 0x00007ffb3d50f000 	C:\WINDOWS\System32\USER32.dll
0x00007ffb344f0000 - 0x00007ffb3450b000 	C:\Users\rbharatm\Documents\eclipse\plugins\org.eclipse.justj.openjdk.hotspot.jre.full.win32.x86_64_21.0.3.v20240426-1530\jre\bin\VCRUNTIME140.dll
0x00007ffb3cf10000 - 0x00007ffb3cf32000 	C:\WINDOWS\System32\win32u.dll
0x00007ffb1f1e0000 - 0x00007ffb1f47a000 	C:\WINDOWS\WinSxS\amd64_microsoft.windows.common-controls_6595b64144ccf1df_6.0.19041.4355_none_60b8b9eb71f62e16\COMCTL32.dll
0x00007ffb3f2c0000 - 0x00007ffb3f2eb000 	C:\WINDOWS\System32\GDI32.dll
0x00007ffb3ca90000 - 0x00007ffb3cba7000 	C:\WINDOWS\System32\gdi32full.dll
0x00007ffb3c9f0000 - 0x00007ffb3ca8d000 	C:\WINDOWS\System32\msvcp_win.dll
0x00007ffb3f220000 - 0x00007ffb3f2be000 	C:\WINDOWS\System32\msvcrt.dll
0x00007ffb3d510000 - 0x00007ffb3d53f000 	C:\WINDOWS\System32\IMM32.DLL
0x000001cc54920000 - 0x000001cc54934000 	C:\WINDOWS\System32\umppc18511.dll
0x00007ffb392f0000 - 0x00007ffb392fc000 	C:\Users\rbharatm\Documents\eclipse\plugins\org.eclipse.justj.openjdk.hotspot.jre.full.win32.x86_64_21.0.3.v20240426-1530\jre\bin\vcruntime140_1.dll
0x00007ffb13dc0000 - 0x00007ffb13e4e000 	C:\Users\rbharatm\Documents\eclipse\plugins\org.eclipse.justj.openjdk.hotspot.jre.full.win32.x86_64_21.0.3.v20240426-1530\jre\bin\msvcp140.dll
0x00007ffadbd20000 - 0x00007ffadcaa2000 	C:\Users\rbharatm\Documents\eclipse\plugins\org.eclipse.justj.openjdk.hotspot.jre.full.win32.x86_64_21.0.3.v20240426-1530\jre\bin\server\jvm.dll
0x00007ffb3f170000 - 0x00007ffb3f220000 	C:\WINDOWS\System32\ADVAPI32.dll
0x00007ffb3da70000 - 0x00007ffb3db10000 	C:\WINDOWS\System32\sechost.dll
0x00007ffb3d750000 - 0x00007ffb3d873000 	C:\WINDOWS\System32\RPCRT4.dll
0x00007ffb3d340000 - 0x00007ffb3d367000 	C:\WINDOWS\System32\bcrypt.dll
0x00007ffb3e4e0000 - 0x00007ffb3e54b000 	C:\WINDOWS\System32\WS2_32.dll
0x00007ffb3bf70000 - 0x00007ffb3bfbb000 	C:\WINDOWS\SYSTEM32\POWRPROF.dll
0x00007ffb2c0e0000 - 0x00007ffb2c107000 	C:\WINDOWS\SYSTEM32\WINMM.dll
0x00007ffb322a0000 - 0x00007ffb322aa000 	C:\WINDOWS\SYSTEM32\VERSION.dll
0x00007ffb3bde0000 - 0x00007ffb3bdf2000 	C:\WINDOWS\SYSTEM32\UMPDC.dll
0x00007ffb3b060000 - 0x00007ffb3b072000 	C:\WINDOWS\SYSTEM32\kernel.appcore.dll
0x00007ffb36e00000 - 0x00007ffb36e0a000 	C:\Users\rbharatm\Documents\eclipse\plugins\org.eclipse.justj.openjdk.hotspot.jre.full.win32.x86_64_21.0.3.v20240426-1530\jre\bin\jimage.dll
0x00007ffb3ada0000 - 0x00007ffb3af84000 	C:\WINDOWS\SYSTEM32\DBGHELP.DLL
0x00007ffb15e10000 - 0x00007ffb15e44000 	C:\WINDOWS\SYSTEM32\dbgcore.DLL
0x00007ffb3cd10000 - 0x00007ffb3cd92000 	C:\WINDOWS\System32\bcryptPrimitives.dll
0x00007ffb35780000 - 0x00007ffb3579f000 	C:\Users\rbharatm\Documents\eclipse\plugins\org.eclipse.justj.openjdk.hotspot.jre.full.win32.x86_64_21.0.3.v20240426-1530\jre\bin\java.dll
0x00007ffb341a0000 - 0x00007ffb341b8000 	C:\Users\rbharatm\Documents\eclipse\plugins\org.eclipse.justj.openjdk.hotspot.jre.full.win32.x86_64_21.0.3.v20240426-1530\jre\bin\zip.dll
0x00007ffb3dc30000 - 0x00007ffb3e39c000 	C:\WINDOWS\System32\SHELL32.dll
0x00007ffb3a540000 - 0x00007ffb3acdd000 	C:\WINDOWS\SYSTEM32\windows.storage.dll
0x00007ffb3e550000 - 0x00007ffb3e8a3000 	C:\WINDOWS\System32\combase.dll
0x00007ffb3c410000 - 0x00007ffb3c43e000 	C:\WINDOWS\SYSTEM32\Wldp.dll
0x00007ffb3d540000 - 0x00007ffb3d60d000 	C:\WINDOWS\System32\OLEAUT32.dll
0x00007ffb3e3a0000 - 0x00007ffb3e44d000 	C:\WINDOWS\System32\SHCORE.dll
0x00007ffb3dbd0000 - 0x00007ffb3dc25000 	C:\WINDOWS\System32\shlwapi.dll
0x00007ffb3c920000 - 0x00007ffb3c944000 	C:\WINDOWS\SYSTEM32\profapi.dll
0x00007ffb35dd0000 - 0x00007ffb35de0000 	C:\Users\rbharatm\Documents\eclipse\plugins\org.eclipse.justj.openjdk.hotspot.jre.full.win32.x86_64_21.0.3.v20240426-1530\jre\bin\net.dll
0x00007ffb35eb0000 - 0x00007ffb35fba000 	C:\WINDOWS\SYSTEM32\WINHTTP.dll
0x00007ffb3c170000 - 0x00007ffb3c1da000 	C:\WINDOWS\system32\mswsock.dll
0x00007ffb34140000 - 0x00007ffb34156000 	C:\Users\rbharatm\Documents\eclipse\plugins\org.eclipse.justj.openjdk.hotspot.jre.full.win32.x86_64_21.0.3.v20240426-1530\jre\bin\nio.dll
0x00007ffb35390000 - 0x00007ffb35399000 	C:\Users\rbharatm\Documents\eclipse\plugins\org.eclipse.justj.openjdk.hotspot.jre.full.win32.x86_64_21.0.3.v20240426-1530\jre\bin\extnet.dll
0x00007ffb3be40000 - 0x00007ffb3bf0a000 	C:\WINDOWS\SYSTEM32\DNSAPI.dll
0x00007ffb3be00000 - 0x00007ffb3be3b000 	C:\WINDOWS\SYSTEM32\IPHLPAPI.DLL
0x00007ffb3da60000 - 0x00007ffb3da68000 	C:\WINDOWS\System32\NSI.dll
0x00007ffb33bb0000 - 0x00007ffb33bba000 	C:\Windows\System32\rasadhlp.dll
0x00007ffb35d30000 - 0x00007ffb35db0000 	C:\WINDOWS\System32\fwpuclnt.dll
0x000001cc71e90000 - 0x000001cc71f3c000 	C:\Program Files (x86)\HP\PrintScout\AppProfiler.x64.dll
0x00007ffb3d880000 - 0x00007ffb3d9ab000 	C:\WINDOWS\System32\ole32.dll
0x00007ffb2cd70000 - 0x00007ffb2ce15000 	C:\WINDOWS\SYSTEM32\WINSPOOL.DRV
0x00007ffb3bb40000 - 0x00007ffb3bb73000 	C:\WINDOWS\SYSTEM32\ntmarta.dll
0x00007ffb35b30000 - 0x00007ffb35b3e000 	C:\Users\rbharatm\Documents\eclipse\plugins\org.eclipse.justj.openjdk.hotspot.jre.full.win32.x86_64_21.0.3.v20240426-1530\jre\bin\sunmscapi.dll
0x00007ffb3cbb0000 - 0x00007ffb3cd0e000 	C:\WINDOWS\System32\CRYPT32.dll
0x00007ffb3c480000 - 0x00007ffb3c4a9000 	C:\WINDOWS\SYSTEM32\ncrypt.dll
0x00007ffb3c440000 - 0x00007ffb3c47b000 	C:\WINDOWS\SYSTEM32\NTASN1.dll
0x00007ffb3c370000 - 0x00007ffb3c388000 	C:\WINDOWS\SYSTEM32\CRYPTSP.dll
0x00007ffb3ba20000 - 0x00007ffb3ba54000 	C:\WINDOWS\system32\rsaenh.dll
0x00007ffb3c8d0000 - 0x00007ffb3c8fe000 	C:\WINDOWS\SYSTEM32\USERENV.dll
0x00007ffb3c360000 - 0x00007ffb3c36c000 	C:\WINDOWS\SYSTEM32\CRYPTBASE.dll
0x00007ffb074f0000 - 0x00007ffb074f7000 	C:\WINDOWS\system32\wshunix.dll

dbghelp: loaded successfully - version: 4.0.5 - missing functions: none
symbol engine: initialized successfully - sym options: 0x614 - pdb path: .;C:\Users\rbharatm\Documents\eclipse\plugins\org.eclipse.justj.openjdk.hotspot.jre.full.win32.x86_64_21.0.3.v20240426-1530\jre\bin;C:\WINDOWS\SYSTEM32;C:\WINDOWS\WinSxS\amd64_microsoft.windows.common-controls_6595b64144ccf1df_6.0.19041.4355_none_60b8b9eb71f62e16;C:\Users\rbharatm\Documents\eclipse\plugins\org.eclipse.justj.openjdk.hotspot.jre.full.win32.x86_64_21.0.3.v20240426-1530\jre\bin\server;C:\Program Files (x86)\HP\PrintScout

VM Arguments:
jvm_args: -Dlog4j2.formatMsgNoLookups=true -Dfile.encoding=UTF-8 -Dstdout.encoding=UTF-8 -Dstderr.encoding=UTF-8 --module-path=C:\Users\rbharatm\.m2\repository\org\seleniumhq\selenium\selenium-chrome-driver\4.23.0\selenium-chrome-driver-4.23.0.jar -XX:+ShowCodeDetailsInExceptionMessages 
java_command: SIM.slamiss
java_class_path (initial): C:\Users\rbharatm\eclipse-workspace\Introducation\target\classes;C:\Users\rbharatm\.m2\repository\org\seleniumhq\selenium\selenium-api\4.23.0\selenium-api-4.23.0.jar;C:\Users\rbharatm\.m2\repository\org\seleniumhq\selenium\selenium-java\4.23.0\selenium-java-4.23.0.jar;C:\Users\rbharatm\.m2\repository\org\seleniumhq\selenium\selenium-chrome-driver\4.23.0\selenium-chrome-driver-4.23.0.jar;C:\Users\rbharatm\.m2\repository\com\google\auto\service\auto-service-annotations\1.1.1\auto-service-annotations-1.1.1.jar;C:\Users\rbharatm\.m2\repository\org\seleniumhq\selenium\selenium-chromium-driver\4.23.0\selenium-chromium-driver-4.23.0.jar;C:\Users\rbharatm\.m2\repository\org\seleniumhq\selenium\selenium-json\4.23.0\selenium-json-4.23.0.jar;C:\Users\rbharatm\.m2\repository\org\seleniumhq\selenium\selenium-manager\4.23.0\selenium-manager-4.23.0.jar;C:\Users\rbharatm\.m2\repository\org\seleniumhq\selenium\selenium-devtools-v125\4.23.0\selenium-devtools-v125-4.23.0.jar;C:\Users\rbharatm\.m2\repository\org\seleniumhq\selenium\selenium-devtools-v126\4.23.0\selenium-devtools-v126-4.23.0.jar;C:\Users\rbharatm\.m2\repository\org\seleniumhq\selenium\selenium-devtools-v127\4.23.0\selenium-devtools-v127-4.23.0.jar;C:\Users\rbharatm\.m2\repository\org\seleniumhq\selenium\selenium-devtools-v85\4.23.0\selenium-devtools-v85-4.23.0.jar;C:\Users\rbharatm\.m2\repository\org\seleniumhq\selenium\selenium-edge-driver\4.23.0\selenium-edge-driver-4.23.0.jar;C:\Users\rbharatm\.m2\repository\org\seleniumhq\selenium\selenium-firefox-driver\4.23.0\selenium-firefox-driver-4.23.0.jar;C:\Users\rbharatm\.m2\repository\org\seleniumhq\selenium\selenium-http\4.23.0\selenium-http-4.23.0.jar;C:\Users\rbharatm\.m2\repository\dev\failsafe\failsafe\3.3.2\failsafe-3.3.2.jar;C:\Users\rbharatm\.m2\repository\org\seleniumhq\selenium\selenium-ie-driver\4.23.0\selenium-ie-driver-4.23.0.jar;C:\Users\rbharatm\.m2\repository\org\seleniumhq\selenium\selenium-remote-driver\4.23.0\selenium-remote-driver-4.23.0.jar;C:\Users\rbharatm\.m2\repository\com\google\guava\guava\33.2.1-jre\guava-33.2.1-jre.jar;C:\Users\rbharatm\.m2\repository\com\google\guava\failureaccess\1.0.2\failureaccess-1.0.2.jar;C:\Users\rbharatm\.m2\repository\com\google\guava\listenablefuture\9999.0-empty-to-avoid-conflict-with-guava\listenablefuture-9999.0-empty-to-avoid-conflict-with-guava.jar;C:\Users\rbharatm\.m2\repository\com\google\code\findbugs\jsr305\3.0.2\jsr305-3.0.2.jar;C:\Users\rbharatm\.m2\repository\org\checkerframework\checker-qual\3.42.0\checker-qual-3.42.0.jar;C:\Users\rbharatm\.m2\repository\com\google\errorprone\error_prone_annotations\2.26.1\error_prone_annotations-2.26.1.jar;C:\Users\rbharatm\.m2\repository\com\google\j2objc\j2objc-annotations\3.0.0\j2objc-annotations-3.0.0.jar;C:\Users\rbharatm\.m2\repository\io\opentelemetry\semconv\opentelemetry-semconv\1.25.0-alpha\opentelemetry-semconv-1.25.0-alpha.jar;C:\Users\rbharatm\.m2\repository\io\opentelemetry\opentelemetry-api\1.40.0\opentelemetry-api-1.40.0.jar;C:\Users\rbharatm\.m2\repository\io\opentelemetry\opentelemetry-context\1.40.0\opentelemetry-context-1.40.0.jar;C:\Users\rbharatm\.m2\repository\io\opentelemetry\opentelemetry-exporter-logging\1.40.0\opentelemetry-exporter-logging-1.40.0.jar;C:\Users\rbharatm\.m2\repository\io\opentelemetry\opentelemetry-sdk-common\1.40.0\opentelemetry-sdk-common-1.40.0.jar;C:\Users\rbharatm\.m2\repository\io\opentelemetry\opentelemetry-sdk-extension-autoconfigure-spi\1.40.0\opentelemetry-sdk-extension-autoconfigure-spi-1.40.0.jar;C:\Users\rbharatm\.m2\repository\io\opentelemetry\opentelemetry-sdk-extension-autoconfigure\1.40.0\opentelemetry-sdk-extension-autoconfigure-1.40.0.jar;C:\Users\rbharatm\.m2\repository\io\opentelemetry\opentelemetry-api-incubator\1.40.0-alpha\opentelemetry-api-incubator-1.40.0-alpha.jar;C:\Users\rbharatm\.m2\repository\io\opentelemetry\opentelemetry-sdk-trace\1.40.0\opentelemetry-sdk-trace-1.40.0.jar;C:\Users\rbharatm\.m2\repository\io\opentelemetry\opentelemetry-sdk\1.40.0\opentelemetry-sdk-1.40.0.jar;C:\Users\rbharatm\.m2\repository\io\opentelemetry\opentelemetry-sdk-metrics\1.40.0\opentelemetry-sdk-metrics-1.40.0.jar;C:\Users\rbharatm\.m2\repository\io\opentelemetry\opentelemetry-sdk-logs\1.40.0\opentelemetry-sdk-logs-1.40.0.jar;C:\Users\rbharatm\.m2\repository\net\bytebuddy\byte-buddy\1.14.18\byte-buddy-1.14.18.jar;C:\Users\rbharatm\.m2\repository\org\seleniumhq\selenium\selenium-os\4.23.0\selenium-os-4.23.0.jar;C:\Users\rbharatm\.m2\repository\org\apache\commons\commons-exec\1.4.0\commons-exec-1.4.0.jar;C:\Users\rbharatm\.m2\repository\org\seleniumhq\selenium\selenium-safari-driver\4.23.0\selenium-safari-driver-4.23.0.jar;C:\Users\rbharatm\.m2\repository\org\seleniumhq\selenium\selenium-support\4.23.0\selenium-support-4.23.0.jar
Launcher Type: SUN_STANDARD

[Global flags]
     intx CICompilerCount                          = 4                                         {product} {ergonomic}
     uint ConcGCThreads                            = 2                                         {product} {ergonomic}
     uint G1ConcRefinementThreads                  = 8                                         {product} {ergonomic}
   size_t G1HeapRegionSize                         = 2097152                                   {product} {ergonomic}
    uintx GCDrainStackTargetSize                   = 64                                        {product} {ergonomic}
   size_t InitialHeapSize                          = 266338304                                 {product} {ergonomic}
   size_t MarkStackSize                            = 4194304                                   {product} {ergonomic}
   size_t MaxHeapSize                              = 4236247040                                {product} {ergonomic}
   size_t MaxNewSize                               = 2541748224                                {product} {ergonomic}
   size_t MinHeapDeltaBytes                        = 2097152                                   {product} {ergonomic}
   size_t MinHeapSize                              = 8388608                                   {product} {ergonomic}
    uintx NonNMethodCodeHeapSize                   = 5839372                                {pd product} {ergonomic}
    uintx NonProfiledCodeHeapSize                  = 122909434                              {pd product} {ergonomic}
    uintx ProfiledCodeHeapSize                     = 122909434                              {pd product} {ergonomic}
    uintx ReservedCodeCacheSize                    = 251658240                              {pd product} {ergonomic}
     bool SegmentedCodeCache                       = true                                      {product} {ergonomic}
     bool ShowCodeDetailsInExceptionMessages       = true                                   {manageable} {command line}
   size_t SoftMaxHeapSize                          = 4236247040                             {manageable} {ergonomic}
     bool UseCompressedOops                        = true                           {product lp64_product} {ergonomic}
     bool UseG1GC                                  = true                                      {product} {ergonomic}
     bool UseLargePagesIndividualAllocation        = false                                  {pd product} {ergonomic}

Logging:
Log output configuration:
 #0: stdout all=warning uptime,level,tags foldmultilines=false
 #1: stderr all=off uptime,level,tags foldmultilines=false

Environment Variables:
JAVA_HOME=C:\Program Files\Java\jdk-21
JAVA_TOOL_OPTIONS=-Dlog4j2.formatMsgNoLookups=true
PATH=C:/Users/rbharatm/Documents/eclipse//plugins/org.eclipse.justj.openjdk.hotspot.jre.full.win32.x86_64_21.0.3.v20240426-1530/jre/bin/server;C:/Users/rbharatm/Documents/eclipse//plugins/org.eclipse.justj.openjdk.hotspot.jre.full.win32.x86_64_21.0.3.v20240426-1530/jre/bin;C:\Program Files\Common Files\Oracle\Java\javapath;C:\Program Files (x86)\Common Files\Oracle\Java\java8path;C:\Program Files (x86)\Common Files\Oracle\Java\javapath;C:\Program Files\itacsvc;C:\WINDOWS\system32;C:\WINDOWS;C:\WINDOWS\System32\Wbem;C:\WINDOWS\System32\WindowsPowerShell\v1.0\;C:\WINDOWS\System32\OpenSSH\;C:\Program Files (x86)\ACMEGuardian\;C:\Program Files\PuTTY\;C:\Program Files (x86)\Quarantine\;C:\Program Files\Calibre2\;C:\Program Files\Java\jdk-21\bin;C:\Users\rbharatm\AppData\Local\Programs\Python\Launcher\;C:\Users\rbharatm\AppData\Local\Microsoft\WindowsApps;C:\Users\rbharatm\AppData\Local\Toolbox\bin;C:\Users\rbharatm\AppData\Local\Programs\Microsoft VS Code\bin;C:\Users\rbharatm\AppData\Local\Programs\Git\cmd;C:\Users\rbharatm\Downloads\chromedriver-win64\chromedriver-win64;;C:\Users\rbharatm\Documents\eclipse;
USERNAME=rbharatm
OS=Windows_NT
PROCESSOR_IDENTIFIER=Intel64 Family 6 Model 142 Stepping 12, GenuineIntel
TMP=C:\Users\rbharatm\AppData\Local\Temp
TEMP=C:\Users\rbharatm\AppData\Local\Temp




Periodic native trim disabled

---------------  S Y S T E M  ---------------

OS:
 Windows 10 , 64 bit Build 19041 (10.0.19041.3636)
OS uptime: 2 days 5:27 hours

CPU: total 8 (initial active 8) (4 cores per cpu, 2 threads per core) family 6 model 142 stepping 12 microcode 0xea, cx8, cmov, fxsr, ht, mmx, 3dnowpref, sse, sse2, sse3, ssse3, sse4.1, sse4.2, popcnt, lzcnt, tsc, tscinvbit, avx, avx2, aes, erms, clmul, bmi1, bmi2, adx, fma, vzeroupper, clflush, clflushopt, rdtscp, f16c
Processor Information for processor 0
  Max Mhz: 2208, Current Mhz: 1706, Mhz Limit: 1700
Processor Information for processor 1
  Max Mhz: 2208, Current Mhz: 1706, Mhz Limit: 1700
Processor Information for processor 2
  Max Mhz: 2208, Current Mhz: 1706, Mhz Limit: 1700
Processor Information for processor 3
  Max Mhz: 2208, Current Mhz: 1405, Mhz Limit: 1700
Processor Information for processor 4
  Max Mhz: 2208, Current Mhz: 1405, Mhz Limit: 1700
Processor Information for processor 5
  Max Mhz: 2208, Current Mhz: 1706, Mhz Limit: 1700
Processor Information for processor 6
  Max Mhz: 2208, Current Mhz: 1706, Mhz Limit: 1700
Processor Information for processor 7
  Max Mhz: 2208, Current Mhz: 1405, Mhz Limit: 1700

Memory: 4k page, system-wide physical 16157M (2093M free)
TotalPageFile size 27125M (AvailPageFile size 0M)
current process WorkingSet (physical memory assigned to process): 99M, peak: 99M
current process commit charge ("private bytes"): 360M, peak: 360M

vm_info: OpenJDK 64-Bit Server VM (21.0.3+9-LTS) for windows-amd64 JRE (21.0.3+9-LTS), built on 2024-04-16T00:00:00Z by "admin" with MS VC++ 17.7 (VS2022)

END.
